<?xml version="1.0" encoding="UTF-8"?>
<testsuite name="MyFirstTest" tests="1" skipped="0" failures="0" errors="0" timestamp="2020-12-06T16:13:32" hostname="karambizi-A1600R-A1700R" time="0.001">
  <properties/>
  <testcase name="ATestMethod" classname="MyFirstTest" time="0.001"/>
  <system-out><![CDATA[]]></system-out>
  <system-err><![CDATA[]]></system-err>
</testsuite>
